<?xml version="1.0" encoding="UTF-8"?>
<testsuite name="TestSuite" time="44.118" tests="6" errors="0" skipped="0" failures="0">
  <properties>
    <property name="java.vendor" value="Oracle Corporation"/>
    <property name="JOB_NAME" value="Login Lucianna"/>
    <property name="sun.java.launcher" value="SUN_STANDARD"/>
    <property name="windows_tracing_logfile" value="C:\BVTBin\Tests\installpackage\csilogfile.log"/>
    <property name="NUMBER_OF_PROCESSORS" value="4"/>
    <property name="sun.management.compiler" value="HotSpot 64-Bit Tiered Compilers"/>
    <property name="JENKINS_HOME" value="C:\Users\ad\.hudson"/>
    <property name="HUDSON_SERVER_COOKIE" value="9b90592919be3223"/>
    <property name="POM_ARTIFACTID" value="luciana.selenium.tests"/>
    <property name="os.name" value="Windows 7"/>
    <property name="sun.boot.class.path" value="C:\Program Files\Java\jdk1.8.0_40\jre\lib\resources.jar;C:\Program Files\Java\jdk1.8.0_40\jre\lib\rt.jar;C:\Program Files\Java\jdk1.8.0_40\jre\lib\sunrsasign.jar;C:\Program Files\Java\jdk1.8.0_40\jre\lib\jsse.jar;C:\Program Files\Java\jdk1.8.0_40\jre\lib\jce.jar;C:\Program Files\Java\jdk1.8.0_40\jre\lib\charsets.jar;C:\Program Files\Java\jdk1.8.0_40\jre\lib\jfr.jar;C:\Program Files\Java\jdk1.8.0_40\jre\classes"/>
    <property name="EXECUTOR_NUMBER" value="1"/>
    <property name="user.country.format" value="UA"/>
    <property name="sun.desktop" value="windows"/>
    <property name="PATHEXT" value=".COM;.EXE;.BAT;.CMD;.VBS;.VBE;.JS;.JSE;.WSF;.WSH;.MSC"/>
    <property name="java.vm.specification.vendor" value="Oracle Corporation"/>
    <property name="POM_DISPLAYNAME" value="luciana.selenium.tests"/>
    <property name="NODE_LABELS" value="master"/>
    <property name="TEMP" value="C:\Users\ad\AppData\Local\Temp"/>
    <property name="java.runtime.version" value="1.8.0_40-b25"/>
    <property name="user.name" value="ad"/>
    <property name="user.language.format" value="uk"/>
    <property name="guice.disable.misplaced.annotation.check" value="true"/>
    <property name="CommonProgramW6432" value="C:\Program Files\Common Files"/>
    <property name="ProgramFiles" value="C:\Program Files"/>
    <property name="PROMPT" value="$P$G"/>
    <property name="user.language" value="ru"/>
    <property name="M2" value="d:\dev\apache-maven-3.3.3\bin"/>
    <property name="BUILD_DISPLAY_NAME" value="#2"/>
    <property name="sun.boot.library.path" value="C:\Program Files\Java\jdk1.8.0_40\jre\bin"/>
    <property name="LOCALAPPDATA" value="C:\Users\ad\AppData\Local"/>
    <property name="java.version" value="1.8.0_40"/>
    <property name="PROCESSOR_LEVEL" value="6"/>
    <property name="user.timezone" value="Europe/Helsinki"/>
    <property name="USERNAME" value="ad"/>
    <property name="sun.arch.data.model" value="64"/>
    <property name="NODE_NAME" value="master"/>
    <property name="java.endorsed.dirs" value="C:\Program Files\Java\jdk1.8.0_40\jre\lib\endorsed"/>
    <property name="BUILD_ID" value="2"/>
    <property name="sun.cpu.isalist" value="amd64"/>
    <property name="sun.jnu.encoding" value="Cp1251"/>
    <property name="file.encoding.pkg" value="sun.io"/>
    <property name="file.separator" value="\"/>
    <property name="java.specification.name" value="Java Platform API Specification"/>
    <property name="HOMEDRIVE" value="C:"/>
    <property name="java.class.version" value="52.0"/>
    <property name="=::" value="::\"/>
    <property name="org.slf4j.simpleLogger.defaultLogLevel" value="info"/>
    <property name="user.country" value="RU"/>
    <property name="ALLUSERSPROFILE" value="C:\ProgramData"/>
    <property name="java.home" value="C:\Program Files\Java\jdk1.8.0_40\jre"/>
    <property name="java.vm.info" value="mixed mode"/>
    <property name="os.version" value="6.1"/>
    <property name="CATALINA_HOME" value="d:\dev\apache-tomcat-6.0.43"/>
    <property name="POM_VERSION" value="1.0-SNAPSHOT"/>
    <property name="webdriver.chrome.driver" value="D:\Current projects\QA course autotmation\chromedriver_win32"/>
    <property name="TMP" value="C:\Users\ad\AppData\Local\Temp"/>
    <property name="path.separator" value=";"/>
    <property name="java.vm.version" value="25.40-b25"/>
    <property name="user.variant" value=""/>
    <property name="CommonProgramFiles(x86)" value="C:\Program Files (x86)\Common Files"/>
    <property name="java.awt.printerjob" value="sun.awt.windows.WPrinterJob"/>
    <property name="FP_NO_HOST_CHECK" value="NO"/>
    <property name="JAVA_HOME" value="C:\Program Files\Java\jdk1.8.0_40"/>
    <property name="sun.io.unicode.encoding" value="UnicodeLittle"/>
    <property name="CommonProgramFiles" value="C:\Program Files\Common Files"/>
    <property name="ComSpec" value="C:\Windows\system32\cmd.exe"/>
    <property name="HOMEPATH" value="\Users\ad"/>
    <property name="awt.toolkit" value="sun.awt.windows.WToolkit"/>
    <property name="POM_PACKAGING" value="jar"/>
    <property name="user.script" value=""/>
    <property name="COMPUTERNAME" value="ALIPIYA-PC"/>
    <property name="POM_GROUPID" value="luc"/>
    <property name="user.home" value="C:\Users\ad"/>
    <property name="PUBLIC" value="C:\Users\Public"/>
    <property name="BUILD_TAG" value="jenkins-Login Lucianna-2"/>
    <property name="JENKINS_SERVER_COOKIE" value="9b90592919be3223"/>
    <property name="=E:" value="E:\"/>
    <property name="HUDSON_URL" value="http://localhost:8080/jenkins/"/>
    <property name="ProgramData" value="C:\ProgramData"/>
    <property name="java.specification.vendor" value="Oracle Corporation"/>
    <property name="USERPROFILE" value="C:\Users\ad"/>
    <property name="CLASSPATH" value=""/>
    <property name="java.vendor.url" value="http://java.oracle.com/"/>
    <property name="java.library.path" value="C:\Program Files\Java\jdk1.8.0_40\bin;C:\Windows\Sun\Java\bin;C:\Windows\system32;C:\Windows;C:\Users\ad\.hudson\tools\hudson.tasks.Maven_MavenInstallation\m3/bin;C:\Windows\system32;C:\Windows;C:\Windows\System32\Wbem;C:\Windows\System32\WindowsPowerShell\v1.0\;C:\Program Files\Intel\WiFi\bin\;C:\Program Files\Common Files\Intel\WirelessCommon\;C:\Program Files (x86)\Skype\Phone\;C:\Program Files\Java\jdk1.8.0_40\bin;D:\Current projects\QA course autotmation\chromedriver_win32;d:\dev\apache-tomcat-6.0.43\bin;C:\Program Files (x86)\Git\cmd;C:\Program Files (x86)\Git\bin;D:\dev\apache-maven-3.3.3\bin;C:\Program Files\Intel\WiFi\bin\;C:\Program Files\Common Files\Intel\WirelessCommon\;."/>
    <property name="java.vm.vendor" value="Oracle Corporation"/>
    <property name="APPDATA" value="C:\Users\ad\AppData\Roaming"/>
    <property name="java.runtime.name" value="Java(TM) SE Runtime Environment"/>
    <property name="maven.home" value="C:\Users\ad\.hudson\tools\hudson.tasks.Maven_MavenInstallation\m3"/>
    <property name="java.class.path" value="C:\Users\ad\.hudson\plugins\maven-plugin\WEB-INF\lib\maven31-agent-1.5.jar;C:\Users\ad\.hudson\tools\hudson.tasks.Maven_MavenInstallation\m3\boot\plexus-classworlds-2.5.1.jar;C:\Users\ad\.hudson\tools\hudson.tasks.Maven_MavenInstallation\m3/conf/logging"/>
    <property name="sun.java.command" value="jenkins.maven3.agent.Maven31Main C:\Users\ad\.hudson\tools\hudson.tasks.Maven_MavenInstallation\m3 C:\Users\ad\.hudson\war\WEB-INF\lib\remoting-2.51.jar C:\Users\ad\.hudson\plugins\maven-plugin\WEB-INF\lib\maven31-interceptor-1.5.jar C:\Users\ad\.hudson\plugins\maven-plugin\WEB-INF\lib\maven3-interceptor-commons-1.5.jar 60501"/>
    <property name="Path" value="C:\Windows\system32;C:\Windows;C:\Windows\System32\Wbem;C:\Windows\System32\WindowsPowerShell\v1.0\;C:\Program Files\Intel\WiFi\bin\;C:\Program Files\Common Files\Intel\WirelessCommon\;C:\Program Files (x86)\Skype\Phone\;C:\Program Files\Java\jdk1.8.0_40\bin;D:\Current projects\QA course autotmation\chromedriver_win32;d:\dev\apache-tomcat-6.0.43\bin;C:\Program Files (x86)\Git\cmd;C:\Program Files (x86)\Git\bin;D:\dev\apache-maven-3.3.3\bin;C:\Program Files\Intel\WiFi\bin\;C:\Program Files\Common Files\Intel\WirelessCommon\"/>
    <property name="java.vm.specification.name" value="Java Virtual Machine Specification"/>
    <property name="PROCESSOR_ARCHITECTURE" value="AMD64"/>
    <property name="PROCESSOR_IDENTIFIER" value="Intel64 Family 6 Model 42 Stepping 7, GenuineIntel"/>
    <property name="SESSIONNAME" value="Console"/>
    <property name="java.vm.specification.version" value="1.8"/>
    <property name="sun.os.patch.level" value="Service Pack 1"/>
    <property name="sun.cpu.endian" value="little"/>
    <property name="M2_HOME" value="C:\Users\ad\.hudson\tools\hudson.tasks.Maven_MavenInstallation\m3"/>
    <property name="=D:" value="D:\dev\apache-tomcat-6.0.43\webapps"/>
    <property name="java.io.tmpdir" value="C:\Users\ad\AppData\Local\Temp\"/>
    <property name="OS" value="Windows_NT"/>
    <property name="HUDSON_HOME" value="C:\Users\ad\.hudson"/>
    <property name="PATH+MAVEN" value="C:\Users\ad\.hudson\tools\hudson.tasks.Maven_MavenInstallation\m3/bin"/>
    <property name="ProgramFiles(x86)" value="C:\Program Files (x86)"/>
    <property name="BUILD_URL" value="http://localhost:8080/jenkins/job/Login%20Lucianna/2/"/>
    <property name="java.vendor.url.bug" value="http://bugreport.sun.com/bugreport/"/>
    <property name="java.awt.graphicsenv" value="sun.awt.Win32GraphicsEnvironment"/>
    <property name="os.arch" value="amd64"/>
    <property name="SystemRoot" value="C:\Windows"/>
    <property name="windows_tracing_flags" value="3"/>
    <property name="java.ext.dirs" value="C:\Program Files\Java\jdk1.8.0_40\jre\lib\ext;C:\Windows\Sun\Java\lib\ext"/>
    <property name="user.dir" value="C:\Users\ad\Desktop\789\luciana"/>
    <property name="JOB_URL" value="http://localhost:8080/jenkins/job/Login%20Lucianna/"/>
    <property name="LOGONSERVER" value="\\ALIPIYA-PC"/>
    <property name="USERDOMAIN" value="ALIPIYA-PC"/>
    <property name="line.separator" value="&#10;"/>
    <property name="MAVEN_HOME" value="C:\Users\ad\.hudson\tools\hudson.tasks.Maven_MavenInstallation\m3"/>
    <property name="java.vm.name" value="Java HotSpot(TM) 64-Bit Server VM"/>
    <property name="BUILD_NUMBER" value="2"/>
    <property name="JENKINS_URL" value="http://localhost:8080/jenkins/"/>
    <property name="PROCESSOR_REVISION" value="2a07"/>
    <property name="ProgramW6432" value="C:\Program Files"/>
    <property name="windir" value="C:\Windows"/>
    <property name="=C:" value="C:\Users\ad"/>
    <property name="file.encoding" value="Cp1251"/>
    <property name="SystemDrive" value="C:"/>
    <property name="maven3.interceptor" value="C:\Users\ad\.hudson\plugins\maven-plugin\WEB-INF\lib\maven31-interceptor-1.5.jar"/>
    <property name="WORKSPACE" value="C:\Users\ad\.hudson\jobs\Login Lucianna\workspace"/>
    <property name="maven3.interceptor.common" value="C:\Users\ad\.hudson\plugins\maven-plugin\WEB-INF\lib\maven3-interceptor-commons-1.5.jar"/>
    <property name="java.specification.version" value="1.8"/>
    <property name="PSModulePath" value="C:\Windows\system32\WindowsPowerShell\v1.0\Modules\"/>
  </properties>
  <testcase name="loginWithCorrectCredentials" classname="main.java.testcases.OpenLoginPageTest" time="24.283"/>
  <testcase name="loginWithInCorrectCredentials" classname="main.java.testcases.OpenLoginPageTest" time="7.759"/>
  <testcase name="testRegistration" classname="main.java.testcases.SampleTest" time="12.069"/>
  <testcase name="testSomeAssert" classname="main.java.testcases.SampleTest" time="0.001"/>
  <testcase name="testLogin" classname="main.java.testcases.SampleTest" time="0.004"/>
  <testcase name="testChangePassword" classname="main.java.testcases.SampleTest" time="0.002"/>
</testsuite>