<?xml version="1.0" encoding="UTF-8"?>
<!-- Generated by org.testng.reporters.JUnitReportReporter -->
<testsuite hostname="alipiya-pc" name="main.java.testcases.OpenLoginPageTest" tests="2" failures="0" timestamp="18 May 2015 11:31:59 GMT" time="52.188" errors="0">
  <testcase name="loginWithInCorrectCredentials" time="17.840" classname="main.java.testcases.OpenLoginPageTest"/>
  <testcase name="loginWithCorrectCredentials" time="34.348" classname="main.java.testcases.OpenLoginPageTest"/>
</testsuite> <!-- main.java.testcases.OpenLoginPageTest -->
