<?xml version="1.0" encoding="UTF-8"?>
<!-- Generated by org.testng.reporters.JUnitReportReporter -->
<testsuite hostname="alipiya-pc" name="main.java.testcases.SampleTest" tests="4" failures="0" timestamp="18 May 2015 11:31:59 GMT" time="12.096" errors="0">
  <testcase name="testRegistration" time="12.094" classname="main.java.testcases.SampleTest"/>
  <testcase name="testSomeAssert" time="0.000" classname="main.java.testcases.SampleTest"/>
  <testcase name="testChangePassword" time="0.001" classname="main.java.testcases.SampleTest"/>
  <testcase name="testLogin" time="0.001" classname="main.java.testcases.SampleTest"/>
</testsuite> <!-- main.java.testcases.SampleTest -->
